2015-01-04 12:23:10 Notice: Notice (8): Undefined index: q1 in [/Users/SeanArchibeque/Sites/mandm/app/View/Emails/html/assessment.ctp, line 25]
Trace:
include - APP/View/Emails/html/assessment.ctp, line 25
View::_evaluate() - CORE/Cake/View/View.php, line 961
View::_render() - CORE/Cake/View/View.php, line 923
View::render() - CORE/Cake/View/View.php, line 473
CakeEmail::_renderTemplates() - CORE/Cake/Network/Email/CakeEmail.php, line 1694
CakeEmail::_render() - CORE/Cake/Network/Email/CakeEmail.php, line 1547
CakeEmail::send() - CORE/Cake/Network/Email/CakeEmail.php, line 1159
PagesController::display() - APP/Controller/PagesController.php, line 53
ReflectionMethod::invokeArgs() - [internal], line ??
Controller::invokeAction() - CORE/Cake/Controller/Controller.php, line 490
Dispatcher::_invoke() - CORE/Cake/Routing/Dispatcher.php, line 193
Dispatcher::dispatch() - CORE/Cake/Routing/Dispatcher.php, line 167
[main] - APP/webroot/index.php, line 118

2015-01-04 12:23:10 Notice: Notice (8): Undefined index: q2 in [/Users/SeanArchibeque/Sites/mandm/app/View/Emails/html/assessment.ctp, line 29]
Trace:
include - APP/View/Emails/html/assessment.ctp, line 29
View::_evaluate() - CORE/Cake/View/View.php, line 961
View::_render() - CORE/Cake/View/View.php, line 923
View::render() - CORE/Cake/View/View.php, line 473
CakeEmail::_renderTemplates() - CORE/Cake/Network/Email/CakeEmail.php, line 1694
CakeEmail::_render() - CORE/Cake/Network/Email/CakeEmail.php, line 1547
CakeEmail::send() - CORE/Cake/Network/Email/CakeEmail.php, line 1159
PagesController::display() - APP/Controller/PagesController.php, line 53
ReflectionMethod::invokeArgs() - [internal], line ??
Controller::invokeAction() - CORE/Cake/Controller/Controller.php, line 490
Dispatcher::_invoke() - CORE/Cake/Routing/Dispatcher.php, line 193
Dispatcher::dispatch() - CORE/Cake/Routing/Dispatcher.php, line 167
[main] - APP/webroot/index.php, line 118

2015-01-04 12:23:10 Notice: Notice (8): Undefined index: q3 in [/Users/SeanArchibeque/Sites/mandm/app/View/Emails/html/assessment.ctp, line 33]
Trace:
include - APP/View/Emails/html/assessment.ctp, line 33
View::_evaluate() - CORE/Cake/View/View.php, line 961
View::_render() - CORE/Cake/View/View.php, line 923
View::render() - CORE/Cake/View/View.php, line 473
CakeEmail::_renderTemplates() - CORE/Cake/Network/Email/CakeEmail.php, line 1694
CakeEmail::_render() - CORE/Cake/Network/Email/CakeEmail.php, line 1547
CakeEmail::send() - CORE/Cake/Network/Email/CakeEmail.php, line 1159
PagesController::display() - APP/Controller/PagesController.php, line 53
ReflectionMethod::invokeArgs() - [internal], line ??
Controller::invokeAction() - CORE/Cake/Controller/Controller.php, line 490
Dispatcher::_invoke() - CORE/Cake/Routing/Dispatcher.php, line 193
Dispatcher::dispatch() - CORE/Cake/Routing/Dispatcher.php, line 167
[main] - APP/webroot/index.php, line 118

2015-01-04 12:23:10 Notice: Notice (8): Undefined index: q4 in [/Users/SeanArchibeque/Sites/mandm/app/View/Emails/html/assessment.ctp, line 37]
Trace:
include - APP/View/Emails/html/assessment.ctp, line 37
View::_evaluate() - CORE/Cake/View/View.php, line 961
View::_render() - CORE/Cake/View/View.php, line 923
View::render() - CORE/Cake/View/View.php, line 473
CakeEmail::_renderTemplates() - CORE/Cake/Network/Email/CakeEmail.php, line 1694
CakeEmail::_render() - CORE/Cake/Network/Email/CakeEmail.php, line 1547
CakeEmail::send() - CORE/Cake/Network/Email/CakeEmail.php, line 1159
PagesController::display() - APP/Controller/PagesController.php, line 53
ReflectionMethod::invokeArgs() - [internal], line ??
Controller::invokeAction() - CORE/Cake/Controller/Controller.php, line 490
Dispatcher::_invoke() - CORE/Cake/Routing/Dispatcher.php, line 193
Dispatcher::dispatch() - CORE/Cake/Routing/Dispatcher.php, line 167
[main] - APP/webroot/index.php, line 118

2015-01-04 12:23:10 Notice: Notice (8): Undefined index: q5 in [/Users/SeanArchibeque/Sites/mandm/app/View/Emails/html/assessment.ctp, line 41]
Trace:
include - APP/View/Emails/html/assessment.ctp, line 41
View::_evaluate() - CORE/Cake/View/View.php, line 961
View::_render() - CORE/Cake/View/View.php, line 923
View::render() - CORE/Cake/View/View.php, line 473
CakeEmail::_renderTemplates() - CORE/Cake/Network/Email/CakeEmail.php, line 1694
CakeEmail::_render() - CORE/Cake/Network/Email/CakeEmail.php, line 1547
CakeEmail::send() - CORE/Cake/Network/Email/CakeEmail.php, line 1159
PagesController::display() - APP/Controller/PagesController.php, line 53
ReflectionMethod::invokeArgs() - [internal], line ??
Controller::invokeAction() - CORE/Cake/Controller/Controller.php, line 490
Dispatcher::_invoke() - CORE/Cake/Routing/Dispatcher.php, line 193
Dispatcher::dispatch() - CORE/Cake/Routing/Dispatcher.php, line 167
[main] - APP/webroot/index.php, line 118

2015-01-04 12:23:10 Notice: Notice (8): Undefined index: q6 in [/Users/SeanArchibeque/Sites/mandm/app/View/Emails/html/assessment.ctp, line 45]
Trace:
include - APP/View/Emails/html/assessment.ctp, line 45
View::_evaluate() - CORE/Cake/View/View.php, line 961
View::_render() - CORE/Cake/View/View.php, line 923
View::render() - CORE/Cake/View/View.php, line 473
CakeEmail::_renderTemplates() - CORE/Cake/Network/Email/CakeEmail.php, line 1694
CakeEmail::_render() - CORE/Cake/Network/Email/CakeEmail.php, line 1547
CakeEmail::send() - CORE/Cake/Network/Email/CakeEmail.php, line 1159
PagesController::display() - APP/Controller/PagesController.php, line 53
ReflectionMethod::invokeArgs() - [internal], line ??
Controller::invokeAction() - CORE/Cake/Controller/Controller.php, line 490
Dispatcher::_invoke() - CORE/Cake/Routing/Dispatcher.php, line 193
Dispatcher::dispatch() - CORE/Cake/Routing/Dispatcher.php, line 167
[main] - APP/webroot/index.php, line 118

2015-01-04 12:23:10 Notice: Notice (8): Undefined index: q7 in [/Users/SeanArchibeque/Sites/mandm/app/View/Emails/html/assessment.ctp, line 49]
Trace:
include - APP/View/Emails/html/assessment.ctp, line 49
View::_evaluate() - CORE/Cake/View/View.php, line 961
View::_render() - CORE/Cake/View/View.php, line 923
View::render() - CORE/Cake/View/View.php, line 473
CakeEmail::_renderTemplates() - CORE/Cake/Network/Email/CakeEmail.php, line 1694
CakeEmail::_render() - CORE/Cake/Network/Email/CakeEmail.php, line 1547
CakeEmail::send() - CORE/Cake/Network/Email/CakeEmail.php, line 1159
PagesController::display() - APP/Controller/PagesController.php, line 53
ReflectionMethod::invokeArgs() - [internal], line ??
Controller::invokeAction() - CORE/Cake/Controller/Controller.php, line 490
Dispatcher::_invoke() - CORE/Cake/Routing/Dispatcher.php, line 193
Dispatcher::dispatch() - CORE/Cake/Routing/Dispatcher.php, line 167
[main] - APP/webroot/index.php, line 118

2015-01-04 12:23:10 Notice: Notice (8): Undefined index: q8 in [/Users/SeanArchibeque/Sites/mandm/app/View/Emails/html/assessment.ctp, line 53]
Trace:
include - APP/View/Emails/html/assessment.ctp, line 53
View::_evaluate() - CORE/Cake/View/View.php, line 961
View::_render() - CORE/Cake/View/View.php, line 923
View::render() - CORE/Cake/View/View.php, line 473
CakeEmail::_renderTemplates() - CORE/Cake/Network/Email/CakeEmail.php, line 1694
CakeEmail::_render() - CORE/Cake/Network/Email/CakeEmail.php, line 1547
CakeEmail::send() - CORE/Cake/Network/Email/CakeEmail.php, line 1159
PagesController::display() - APP/Controller/PagesController.php, line 53
ReflectionMethod::invokeArgs() - [internal], line ??
Controller::invokeAction() - CORE/Cake/Controller/Controller.php, line 490
Dispatcher::_invoke() - CORE/Cake/Routing/Dispatcher.php, line 193
Dispatcher::dispatch() - CORE/Cake/Routing/Dispatcher.php, line 167
[main] - APP/webroot/index.php, line 118

2015-01-04 12:23:10 Notice: Notice (8): Undefined index: q9 in [/Users/SeanArchibeque/Sites/mandm/app/View/Emails/html/assessment.ctp, line 57]
Trace:
include - APP/View/Emails/html/assessment.ctp, line 57
View::_evaluate() - CORE/Cake/View/View.php, line 961
View::_render() - CORE/Cake/View/View.php, line 923
View::render() - CORE/Cake/View/View.php, line 473
CakeEmail::_renderTemplates() - CORE/Cake/Network/Email/CakeEmail.php, line 1694
CakeEmail::_render() - CORE/Cake/Network/Email/CakeEmail.php, line 1547
CakeEmail::send() - CORE/Cake/Network/Email/CakeEmail.php, line 1159
PagesController::display() - APP/Controller/PagesController.php, line 53
ReflectionMethod::invokeArgs() - [internal], line ??
Controller::invokeAction() - CORE/Cake/Controller/Controller.php, line 490
Dispatcher::_invoke() - CORE/Cake/Routing/Dispatcher.php, line 193
Dispatcher::dispatch() - CORE/Cake/Routing/Dispatcher.php, line 167
[main] - APP/webroot/index.php, line 118

2015-01-04 12:23:10 Notice: Notice (8): Undefined index: q10 in [/Users/SeanArchibeque/Sites/mandm/app/View/Emails/html/assessment.ctp, line 61]
Trace:
include - APP/View/Emails/html/assessment.ctp, line 61
View::_evaluate() - CORE/Cake/View/View.php, line 961
View::_render() - CORE/Cake/View/View.php, line 923
View::render() - CORE/Cake/View/View.php, line 473
CakeEmail::_renderTemplates() - CORE/Cake/Network/Email/CakeEmail.php, line 1694
CakeEmail::_render() - CORE/Cake/Network/Email/CakeEmail.php, line 1547
CakeEmail::send() - CORE/Cake/Network/Email/CakeEmail.php, line 1159
PagesController::display() - APP/Controller/PagesController.php, line 53
ReflectionMethod::invokeArgs() - [internal], line ??
Controller::invokeAction() - CORE/Cake/Controller/Controller.php, line 490
Dispatcher::_invoke() - CORE/Cake/Routing/Dispatcher.php, line 193
Dispatcher::dispatch() - CORE/Cake/Routing/Dispatcher.php, line 167
[main] - APP/webroot/index.php, line 118

2015-01-04 12:23:10 Notice: Notice (8): Undefined index: q11 in [/Users/SeanArchibeque/Sites/mandm/app/View/Emails/html/assessment.ctp, line 65]
Trace:
include - APP/View/Emails/html/assessment.ctp, line 65
View::_evaluate() - CORE/Cake/View/View.php, line 961
View::_render() - CORE/Cake/View/View.php, line 923
View::render() - CORE/Cake/View/View.php, line 473
CakeEmail::_renderTemplates() - CORE/Cake/Network/Email/CakeEmail.php, line 1694
CakeEmail::_render() - CORE/Cake/Network/Email/CakeEmail.php, line 1547
CakeEmail::send() - CORE/Cake/Network/Email/CakeEmail.php, line 1159
PagesController::display() - APP/Controller/PagesController.php, line 53
ReflectionMethod::invokeArgs() - [internal], line ??
Controller::invokeAction() - CORE/Cake/Controller/Controller.php, line 490
Dispatcher::_invoke() - CORE/Cake/Routing/Dispatcher.php, line 193
Dispatcher::dispatch() - CORE/Cake/Routing/Dispatcher.php, line 167
[main] - APP/webroot/index.php, line 118

2015-01-04 12:23:10 Notice: Notice (8): Undefined index: q12 in [/Users/SeanArchibeque/Sites/mandm/app/View/Emails/html/assessment.ctp, line 69]
Trace:
include - APP/View/Emails/html/assessment.ctp, line 69
View::_evaluate() - CORE/Cake/View/View.php, line 961
View::_render() - CORE/Cake/View/View.php, line 923
View::render() - CORE/Cake/View/View.php, line 473
CakeEmail::_renderTemplates() - CORE/Cake/Network/Email/CakeEmail.php, line 1694
CakeEmail::_render() - CORE/Cake/Network/Email/CakeEmail.php, line 1547
CakeEmail::send() - CORE/Cake/Network/Email/CakeEmail.php, line 1159
PagesController::display() - APP/Controller/PagesController.php, line 53
ReflectionMethod::invokeArgs() - [internal], line ??
Controller::invokeAction() - CORE/Cake/Controller/Controller.php, line 490
Dispatcher::_invoke() - CORE/Cake/Routing/Dispatcher.php, line 193
Dispatcher::dispatch() - CORE/Cake/Routing/Dispatcher.php, line 167
[main] - APP/webroot/index.php, line 118

2015-01-04 12:23:10 Notice: Notice (8): Undefined index: q13 in [/Users/SeanArchibeque/Sites/mandm/app/View/Emails/html/assessment.ctp, line 73]
Trace:
include - APP/View/Emails/html/assessment.ctp, line 73
View::_evaluate() - CORE/Cake/View/View.php, line 961
View::_render() - CORE/Cake/View/View.php, line 923
View::render() - CORE/Cake/View/View.php, line 473
CakeEmail::_renderTemplates() - CORE/Cake/Network/Email/CakeEmail.php, line 1694
CakeEmail::_render() - CORE/Cake/Network/Email/CakeEmail.php, line 1547
CakeEmail::send() - CORE/Cake/Network/Email/CakeEmail.php, line 1159
PagesController::display() - APP/Controller/PagesController.php, line 53
ReflectionMethod::invokeArgs() - [internal], line ??
Controller::invokeAction() - CORE/Cake/Controller/Controller.php, line 490
Dispatcher::_invoke() - CORE/Cake/Routing/Dispatcher.php, line 193
Dispatcher::dispatch() - CORE/Cake/Routing/Dispatcher.php, line 167
[main] - APP/webroot/index.php, line 118

2015-01-04 12:23:10 Notice: Notice (8): Undefined index: q14 in [/Users/SeanArchibeque/Sites/mandm/app/View/Emails/html/assessment.ctp, line 77]
Trace:
include - APP/View/Emails/html/assessment.ctp, line 77
View::_evaluate() - CORE/Cake/View/View.php, line 961
View::_render() - CORE/Cake/View/View.php, line 923
View::render() - CORE/Cake/View/View.php, line 473
CakeEmail::_renderTemplates() - CORE/Cake/Network/Email/CakeEmail.php, line 1694
CakeEmail::_render() - CORE/Cake/Network/Email/CakeEmail.php, line 1547
CakeEmail::send() - CORE/Cake/Network/Email/CakeEmail.php, line 1159
PagesController::display() - APP/Controller/PagesController.php, line 53
ReflectionMethod::invokeArgs() - [internal], line ??
Controller::invokeAction() - CORE/Cake/Controller/Controller.php, line 490
Dispatcher::_invoke() - CORE/Cake/Routing/Dispatcher.php, line 193
Dispatcher::dispatch() - CORE/Cake/Routing/Dispatcher.php, line 167
[main] - APP/webroot/index.php, line 118

2015-01-04 12:23:10 Notice: Notice (8): Undefined index: q15 in [/Users/SeanArchibeque/Sites/mandm/app/View/Emails/html/assessment.ctp, line 81]
Trace:
include - APP/View/Emails/html/assessment.ctp, line 81
View::_evaluate() - CORE/Cake/View/View.php, line 961
View::_render() - CORE/Cake/View/View.php, line 923
View::render() - CORE/Cake/View/View.php, line 473
CakeEmail::_renderTemplates() - CORE/Cake/Network/Email/CakeEmail.php, line 1694
CakeEmail::_render() - CORE/Cake/Network/Email/CakeEmail.php, line 1547
CakeEmail::send() - CORE/Cake/Network/Email/CakeEmail.php, line 1159
PagesController::display() - APP/Controller/PagesController.php, line 53
ReflectionMethod::invokeArgs() - [internal], line ??
Controller::invokeAction() - CORE/Cake/Controller/Controller.php, line 490
Dispatcher::_invoke() - CORE/Cake/Routing/Dispatcher.php, line 193
Dispatcher::dispatch() - CORE/Cake/Routing/Dispatcher.php, line 167
[main] - APP/webroot/index.php, line 118

2015-01-04 12:23:10 Notice: Notice (8): Undefined index: q16 in [/Users/SeanArchibeque/Sites/mandm/app/View/Emails/html/assessment.ctp, line 85]
Trace:
include - APP/View/Emails/html/assessment.ctp, line 85
View::_evaluate() - CORE/Cake/View/View.php, line 961
View::_render() - CORE/Cake/View/View.php, line 923
View::render() - CORE/Cake/View/View.php, line 473
CakeEmail::_renderTemplates() - CORE/Cake/Network/Email/CakeEmail.php, line 1694
CakeEmail::_render() - CORE/Cake/Network/Email/CakeEmail.php, line 1547
CakeEmail::send() - CORE/Cake/Network/Email/CakeEmail.php, line 1159
PagesController::display() - APP/Controller/PagesController.php, line 53
ReflectionMethod::invokeArgs() - [internal], line ??
Controller::invokeAction() - CORE/Cake/Controller/Controller.php, line 490
Dispatcher::_invoke() - CORE/Cake/Routing/Dispatcher.php, line 193
Dispatcher::dispatch() - CORE/Cake/Routing/Dispatcher.php, line 167
[main] - APP/webroot/index.php, line 118

2015-01-04 12:23:10 Notice: Notice (8): Undefined index: q17 in [/Users/SeanArchibeque/Sites/mandm/app/View/Emails/html/assessment.ctp, line 89]
Trace:
include - APP/View/Emails/html/assessment.ctp, line 89
View::_evaluate() - CORE/Cake/View/View.php, line 961
View::_render() - CORE/Cake/View/View.php, line 923
View::render() - CORE/Cake/View/View.php, line 473
CakeEmail::_renderTemplates() - CORE/Cake/Network/Email/CakeEmail.php, line 1694
CakeEmail::_render() - CORE/Cake/Network/Email/CakeEmail.php, line 1547
CakeEmail::send() - CORE/Cake/Network/Email/CakeEmail.php, line 1159
PagesController::display() - APP/Controller/PagesController.php, line 53
ReflectionMethod::invokeArgs() - [internal], line ??
Controller::invokeAction() - CORE/Cake/Controller/Controller.php, line 490
Dispatcher::_invoke() - CORE/Cake/Routing/Dispatcher.php, line 193
Dispatcher::dispatch() - CORE/Cake/Routing/Dispatcher.php, line 167
[main] - APP/webroot/index.php, line 118

2015-01-04 12:23:10 Notice: Notice (8): Undefined index: q18 in [/Users/SeanArchibeque/Sites/mandm/app/View/Emails/html/assessment.ctp, line 93]
Trace:
include - APP/View/Emails/html/assessment.ctp, line 93
View::_evaluate() - CORE/Cake/View/View.php, line 961
View::_render() - CORE/Cake/View/View.php, line 923
View::render() - CORE/Cake/View/View.php, line 473
CakeEmail::_renderTemplates() - CORE/Cake/Network/Email/CakeEmail.php, line 1694
CakeEmail::_render() - CORE/Cake/Network/Email/CakeEmail.php, line 1547
CakeEmail::send() - CORE/Cake/Network/Email/CakeEmail.php, line 1159
PagesController::display() - APP/Controller/PagesController.php, line 53
ReflectionMethod::invokeArgs() - [internal], line ??
Controller::invokeAction() - CORE/Cake/Controller/Controller.php, line 490
Dispatcher::_invoke() - CORE/Cake/Routing/Dispatcher.php, line 193
Dispatcher::dispatch() - CORE/Cake/Routing/Dispatcher.php, line 167
[main] - APP/webroot/index.php, line 118

2015-01-04 12:23:10 Notice: Notice (8): Undefined index: q19 in [/Users/SeanArchibeque/Sites/mandm/app/View/Emails/html/assessment.ctp, line 97]
Trace:
include - APP/View/Emails/html/assessment.ctp, line 97
View::_evaluate() - CORE/Cake/View/View.php, line 961
View::_render() - CORE/Cake/View/View.php, line 923
View::render() - CORE/Cake/View/View.php, line 473
CakeEmail::_renderTemplates() - CORE/Cake/Network/Email/CakeEmail.php, line 1694
CakeEmail::_render() - CORE/Cake/Network/Email/CakeEmail.php, line 1547
CakeEmail::send() - CORE/Cake/Network/Email/CakeEmail.php, line 1159
PagesController::display() - APP/Controller/PagesController.php, line 53
ReflectionMethod::invokeArgs() - [internal], line ??
Controller::invokeAction() - CORE/Cake/Controller/Controller.php, line 490
Dispatcher::_invoke() - CORE/Cake/Routing/Dispatcher.php, line 193
Dispatcher::dispatch() - CORE/Cake/Routing/Dispatcher.php, line 167
[main] - APP/webroot/index.php, line 118

2015-01-04 12:25:15 Notice: Notice (8): Undefined index: q1 in [/Users/SeanArchibeque/Sites/mandm/app/View/Emails/html/assessment.ctp, line 25]
Trace:
include - APP/View/Emails/html/assessment.ctp, line 25
View::_evaluate() - CORE/Cake/View/View.php, line 961
View::_render() - CORE/Cake/View/View.php, line 923
View::render() - CORE/Cake/View/View.php, line 473
CakeEmail::_renderTemplates() - CORE/Cake/Network/Email/CakeEmail.php, line 1694
CakeEmail::_render() - CORE/Cake/Network/Email/CakeEmail.php, line 1547
CakeEmail::send() - CORE/Cake/Network/Email/CakeEmail.php, line 1159
PagesController::display() - APP/Controller/PagesController.php, line 53
ReflectionMethod::invokeArgs() - [internal], line ??
Controller::invokeAction() - CORE/Cake/Controller/Controller.php, line 490
Dispatcher::_invoke() - CORE/Cake/Routing/Dispatcher.php, line 193
Dispatcher::dispatch() - CORE/Cake/Routing/Dispatcher.php, line 167
[main] - APP/webroot/index.php, line 118

2015-01-04 12:25:15 Notice: Notice (8): Undefined index: q2 in [/Users/SeanArchibeque/Sites/mandm/app/View/Emails/html/assessment.ctp, line 29]
Trace:
include - APP/View/Emails/html/assessment.ctp, line 29
View::_evaluate() - CORE/Cake/View/View.php, line 961
View::_render() - CORE/Cake/View/View.php, line 923
View::render() - CORE/Cake/View/View.php, line 473
CakeEmail::_renderTemplates() - CORE/Cake/Network/Email/CakeEmail.php, line 1694
CakeEmail::_render() - CORE/Cake/Network/Email/CakeEmail.php, line 1547
CakeEmail::send() - CORE/Cake/Network/Email/CakeEmail.php, line 1159
PagesController::display() - APP/Controller/PagesController.php, line 53
ReflectionMethod::invokeArgs() - [internal], line ??
Controller::invokeAction() - CORE/Cake/Controller/Controller.php, line 490
Dispatcher::_invoke() - CORE/Cake/Routing/Dispatcher.php, line 193
Dispatcher::dispatch() - CORE/Cake/Routing/Dispatcher.php, line 167
[main] - APP/webroot/index.php, line 118

2015-01-04 12:25:15 Notice: Notice (8): Undefined index: q3 in [/Users/SeanArchibeque/Sites/mandm/app/View/Emails/html/assessment.ctp, line 33]
Trace:
include - APP/View/Emails/html/assessment.ctp, line 33
View::_evaluate() - CORE/Cake/View/View.php, line 961
View::_render() - CORE/Cake/View/View.php, line 923
View::render() - CORE/Cake/View/View.php, line 473
CakeEmail::_renderTemplates() - CORE/Cake/Network/Email/CakeEmail.php, line 1694
CakeEmail::_render() - CORE/Cake/Network/Email/CakeEmail.php, line 1547
CakeEmail::send() - CORE/Cake/Network/Email/CakeEmail.php, line 1159
PagesController::display() - APP/Controller/PagesController.php, line 53
ReflectionMethod::invokeArgs() - [internal], line ??
Controller::invokeAction() - CORE/Cake/Controller/Controller.php, line 490
Dispatcher::_invoke() - CORE/Cake/Routing/Dispatcher.php, line 193
Dispatcher::dispatch() - CORE/Cake/Routing/Dispatcher.php, line 167
[main] - APP/webroot/index.php, line 118

2015-01-04 12:25:15 Notice: Notice (8): Undefined index: q4 in [/Users/SeanArchibeque/Sites/mandm/app/View/Emails/html/assessment.ctp, line 37]
Trace:
include - APP/View/Emails/html/assessment.ctp, line 37
View::_evaluate() - CORE/Cake/View/View.php, line 961
View::_render() - CORE/Cake/View/View.php, line 923
View::render() - CORE/Cake/View/View.php, line 473
CakeEmail::_renderTemplates() - CORE/Cake/Network/Email/CakeEmail.php, line 1694
CakeEmail::_render() - CORE/Cake/Network/Email/CakeEmail.php, line 1547
CakeEmail::send() - CORE/Cake/Network/Email/CakeEmail.php, line 1159
PagesController::display() - APP/Controller/PagesController.php, line 53
ReflectionMethod::invokeArgs() - [internal], line ??
Controller::invokeAction() - CORE/Cake/Controller/Controller.php, line 490
Dispatcher::_invoke() - CORE/Cake/Routing/Dispatcher.php, line 193
Dispatcher::dispatch() - CORE/Cake/Routing/Dispatcher.php, line 167
[main] - APP/webroot/index.php, line 118

2015-01-04 12:25:15 Notice: Notice (8): Undefined index: q5 in [/Users/SeanArchibeque/Sites/mandm/app/View/Emails/html/assessment.ctp, line 41]
Trace:
include - APP/View/Emails/html/assessment.ctp, line 41
View::_evaluate() - CORE/Cake/View/View.php, line 961
View::_render() - CORE/Cake/View/View.php, line 923
View::render() - CORE/Cake/View/View.php, line 473
CakeEmail::_renderTemplates() - CORE/Cake/Network/Email/CakeEmail.php, line 1694
CakeEmail::_render() - CORE/Cake/Network/Email/CakeEmail.php, line 1547
CakeEmail::send() - CORE/Cake/Network/Email/CakeEmail.php, line 1159
PagesController::display() - APP/Controller/PagesController.php, line 53
ReflectionMethod::invokeArgs() - [internal], line ??
Controller::invokeAction() - CORE/Cake/Controller/Controller.php, line 490
Dispatcher::_invoke() - CORE/Cake/Routing/Dispatcher.php, line 193
Dispatcher::dispatch() - CORE/Cake/Routing/Dispatcher.php, line 167
[main] - APP/webroot/index.php, line 118

2015-01-04 12:25:15 Notice: Notice (8): Undefined index: q6 in [/Users/SeanArchibeque/Sites/mandm/app/View/Emails/html/assessment.ctp, line 45]
Trace:
include - APP/View/Emails/html/assessment.ctp, line 45
View::_evaluate() - CORE/Cake/View/View.php, line 961
View::_render() - CORE/Cake/View/View.php, line 923
View::render() - CORE/Cake/View/View.php, line 473
CakeEmail::_renderTemplates() - CORE/Cake/Network/Email/CakeEmail.php, line 1694
CakeEmail::_render() - CORE/Cake/Network/Email/CakeEmail.php, line 1547
CakeEmail::send() - CORE/Cake/Network/Email/CakeEmail.php, line 1159
PagesController::display() - APP/Controller/PagesController.php, line 53
ReflectionMethod::invokeArgs() - [internal], line ??
Controller::invokeAction() - CORE/Cake/Controller/Controller.php, line 490
Dispatcher::_invoke() - CORE/Cake/Routing/Dispatcher.php, line 193
Dispatcher::dispatch() - CORE/Cake/Routing/Dispatcher.php, line 167
[main] - APP/webroot/index.php, line 118

2015-01-04 12:25:15 Notice: Notice (8): Undefined index: q7 in [/Users/SeanArchibeque/Sites/mandm/app/View/Emails/html/assessment.ctp, line 49]
Trace:
include - APP/View/Emails/html/assessment.ctp, line 49
View::_evaluate() - CORE/Cake/View/View.php, line 961
View::_render() - CORE/Cake/View/View.php, line 923
View::render() - CORE/Cake/View/View.php, line 473
CakeEmail::_renderTemplates() - CORE/Cake/Network/Email/CakeEmail.php, line 1694
CakeEmail::_render() - CORE/Cake/Network/Email/CakeEmail.php, line 1547
CakeEmail::send() - CORE/Cake/Network/Email/CakeEmail.php, line 1159
PagesController::display() - APP/Controller/PagesController.php, line 53
ReflectionMethod::invokeArgs() - [internal], line ??
Controller::invokeAction() - CORE/Cake/Controller/Controller.php, line 490
Dispatcher::_invoke() - CORE/Cake/Routing/Dispatcher.php, line 193
Dispatcher::dispatch() - CORE/Cake/Routing/Dispatcher.php, line 167
[main] - APP/webroot/index.php, line 118

2015-01-04 12:25:15 Notice: Notice (8): Undefined index: q8 in [/Users/SeanArchibeque/Sites/mandm/app/View/Emails/html/assessment.ctp, line 53]
Trace:
include - APP/View/Emails/html/assessment.ctp, line 53
View::_evaluate() - CORE/Cake/View/View.php, line 961
View::_render() - CORE/Cake/View/View.php, line 923
View::render() - CORE/Cake/View/View.php, line 473
CakeEmail::_renderTemplates() - CORE/Cake/Network/Email/CakeEmail.php, line 1694
CakeEmail::_render() - CORE/Cake/Network/Email/CakeEmail.php, line 1547
CakeEmail::send() - CORE/Cake/Network/Email/CakeEmail.php, line 1159
PagesController::display() - APP/Controller/PagesController.php, line 53
ReflectionMethod::invokeArgs() - [internal], line ??
Controller::invokeAction() - CORE/Cake/Controller/Controller.php, line 490
Dispatcher::_invoke() - CORE/Cake/Routing/Dispatcher.php, line 193
Dispatcher::dispatch() - CORE/Cake/Routing/Dispatcher.php, line 167
[main] - APP/webroot/index.php, line 118

2015-01-04 12:25:15 Notice: Notice (8): Undefined index: q9 in [/Users/SeanArchibeque/Sites/mandm/app/View/Emails/html/assessment.ctp, line 57]
Trace:
include - APP/View/Emails/html/assessment.ctp, line 57
View::_evaluate() - CORE/Cake/View/View.php, line 961
View::_render() - CORE/Cake/View/View.php, line 923
View::render() - CORE/Cake/View/View.php, line 473
CakeEmail::_renderTemplates() - CORE/Cake/Network/Email/CakeEmail.php, line 1694
CakeEmail::_render() - CORE/Cake/Network/Email/CakeEmail.php, line 1547
CakeEmail::send() - CORE/Cake/Network/Email/CakeEmail.php, line 1159
PagesController::display() - APP/Controller/PagesController.php, line 53
ReflectionMethod::invokeArgs() - [internal], line ??
Controller::invokeAction() - CORE/Cake/Controller/Controller.php, line 490
Dispatcher::_invoke() - CORE/Cake/Routing/Dispatcher.php, line 193
Dispatcher::dispatch() - CORE/Cake/Routing/Dispatcher.php, line 167
[main] - APP/webroot/index.php, line 118

2015-01-04 12:25:15 Notice: Notice (8): Undefined index: q10 in [/Users/SeanArchibeque/Sites/mandm/app/View/Emails/html/assessment.ctp, line 61]
Trace:
include - APP/View/Emails/html/assessment.ctp, line 61
View::_evaluate() - CORE/Cake/View/View.php, line 961
View::_render() - CORE/Cake/View/View.php, line 923
View::render() - CORE/Cake/View/View.php, line 473
CakeEmail::_renderTemplates() - CORE/Cake/Network/Email/CakeEmail.php, line 1694
CakeEmail::_render() - CORE/Cake/Network/Email/CakeEmail.php, line 1547
CakeEmail::send() - CORE/Cake/Network/Email/CakeEmail.php, line 1159
PagesController::display() - APP/Controller/PagesController.php, line 53
ReflectionMethod::invokeArgs() - [internal], line ??
Controller::invokeAction() - CORE/Cake/Controller/Controller.php, line 490
Dispatcher::_invoke() - CORE/Cake/Routing/Dispatcher.php, line 193
Dispatcher::dispatch() - CORE/Cake/Routing/Dispatcher.php, line 167
[main] - APP/webroot/index.php, line 118

2015-01-04 12:25:15 Notice: Notice (8): Undefined index: q11 in [/Users/SeanArchibeque/Sites/mandm/app/View/Emails/html/assessment.ctp, line 65]
Trace:
include - APP/View/Emails/html/assessment.ctp, line 65
View::_evaluate() - CORE/Cake/View/View.php, line 961
View::_render() - CORE/Cake/View/View.php, line 923
View::render() - CORE/Cake/View/View.php, line 473
CakeEmail::_renderTemplates() - CORE/Cake/Network/Email/CakeEmail.php, line 1694
CakeEmail::_render() - CORE/Cake/Network/Email/CakeEmail.php, line 1547
CakeEmail::send() - CORE/Cake/Network/Email/CakeEmail.php, line 1159
PagesController::display() - APP/Controller/PagesController.php, line 53
ReflectionMethod::invokeArgs() - [internal], line ??
Controller::invokeAction() - CORE/Cake/Controller/Controller.php, line 490
Dispatcher::_invoke() - CORE/Cake/Routing/Dispatcher.php, line 193
Dispatcher::dispatch() - CORE/Cake/Routing/Dispatcher.php, line 167
[main] - APP/webroot/index.php, line 118

2015-01-04 12:25:15 Notice: Notice (8): Undefined index: q12 in [/Users/SeanArchibeque/Sites/mandm/app/View/Emails/html/assessment.ctp, line 69]
Trace:
include - APP/View/Emails/html/assessment.ctp, line 69
View::_evaluate() - CORE/Cake/View/View.php, line 961
View::_render() - CORE/Cake/View/View.php, line 923
View::render() - CORE/Cake/View/View.php, line 473
CakeEmail::_renderTemplates() - CORE/Cake/Network/Email/CakeEmail.php, line 1694
CakeEmail::_render() - CORE/Cake/Network/Email/CakeEmail.php, line 1547
CakeEmail::send() - CORE/Cake/Network/Email/CakeEmail.php, line 1159
PagesController::display() - APP/Controller/PagesController.php, line 53
ReflectionMethod::invokeArgs() - [internal], line ??
Controller::invokeAction() - CORE/Cake/Controller/Controller.php, line 490
Dispatcher::_invoke() - CORE/Cake/Routing/Dispatcher.php, line 193
Dispatcher::dispatch() - CORE/Cake/Routing/Dispatcher.php, line 167
[main] - APP/webroot/index.php, line 118

2015-01-04 12:25:15 Notice: Notice (8): Undefined index: q13 in [/Users/SeanArchibeque/Sites/mandm/app/View/Emails/html/assessment.ctp, line 73]
Trace:
include - APP/View/Emails/html/assessment.ctp, line 73
View::_evaluate() - CORE/Cake/View/View.php, line 961
View::_render() - CORE/Cake/View/View.php, line 923
View::render() - CORE/Cake/View/View.php, line 473
CakeEmail::_renderTemplates() - CORE/Cake/Network/Email/CakeEmail.php, line 1694
CakeEmail::_render() - CORE/Cake/Network/Email/CakeEmail.php, line 1547
CakeEmail::send() - CORE/Cake/Network/Email/CakeEmail.php, line 1159
PagesController::display() - APP/Controller/PagesController.php, line 53
ReflectionMethod::invokeArgs() - [internal], line ??
Controller::invokeAction() - CORE/Cake/Controller/Controller.php, line 490
Dispatcher::_invoke() - CORE/Cake/Routing/Dispatcher.php, line 193
Dispatcher::dispatch() - CORE/Cake/Routing/Dispatcher.php, line 167
[main] - APP/webroot/index.php, line 118

2015-01-04 12:25:15 Notice: Notice (8): Undefined index: q14 in [/Users/SeanArchibeque/Sites/mandm/app/View/Emails/html/assessment.ctp, line 77]
Trace:
include - APP/View/Emails/html/assessment.ctp, line 77
View::_evaluate() - CORE/Cake/View/View.php, line 961
View::_render() - CORE/Cake/View/View.php, line 923
View::render() - CORE/Cake/View/View.php, line 473
CakeEmail::_renderTemplates() - CORE/Cake/Network/Email/CakeEmail.php, line 1694
CakeEmail::_render() - CORE/Cake/Network/Email/CakeEmail.php, line 1547
CakeEmail::send() - CORE/Cake/Network/Email/CakeEmail.php, line 1159
PagesController::display() - APP/Controller/PagesController.php, line 53
ReflectionMethod::invokeArgs() - [internal], line ??
Controller::invokeAction() - CORE/Cake/Controller/Controller.php, line 490
Dispatcher::_invoke() - CORE/Cake/Routing/Dispatcher.php, line 193
Dispatcher::dispatch() - CORE/Cake/Routing/Dispatcher.php, line 167
[main] - APP/webroot/index.php, line 118

2015-01-04 12:25:15 Notice: Notice (8): Undefined index: q15 in [/Users/SeanArchibeque/Sites/mandm/app/View/Emails/html/assessment.ctp, line 81]
Trace:
include - APP/View/Emails/html/assessment.ctp, line 81
View::_evaluate() - CORE/Cake/View/View.php, line 961
View::_render() - CORE/Cake/View/View.php, line 923
View::render() - CORE/Cake/View/View.php, line 473
CakeEmail::_renderTemplates() - CORE/Cake/Network/Email/CakeEmail.php, line 1694
CakeEmail::_render() - CORE/Cake/Network/Email/CakeEmail.php, line 1547
CakeEmail::send() - CORE/Cake/Network/Email/CakeEmail.php, line 1159
PagesController::display() - APP/Controller/PagesController.php, line 53
ReflectionMethod::invokeArgs() - [internal], line ??
Controller::invokeAction() - CORE/Cake/Controller/Controller.php, line 490
Dispatcher::_invoke() - CORE/Cake/Routing/Dispatcher.php, line 193
Dispatcher::dispatch() - CORE/Cake/Routing/Dispatcher.php, line 167
[main] - APP/webroot/index.php, line 118

2015-01-04 12:25:15 Notice: Notice (8): Undefined index: q16 in [/Users/SeanArchibeque/Sites/mandm/app/View/Emails/html/assessment.ctp, line 85]
Trace:
include - APP/View/Emails/html/assessment.ctp, line 85
View::_evaluate() - CORE/Cake/View/View.php, line 961
View::_render() - CORE/Cake/View/View.php, line 923
View::render() - CORE/Cake/View/View.php, line 473
CakeEmail::_renderTemplates() - CORE/Cake/Network/Email/CakeEmail.php, line 1694
CakeEmail::_render() - CORE/Cake/Network/Email/CakeEmail.php, line 1547
CakeEmail::send() - CORE/Cake/Network/Email/CakeEmail.php, line 1159
PagesController::display() - APP/Controller/PagesController.php, line 53
ReflectionMethod::invokeArgs() - [internal], line ??
Controller::invokeAction() - CORE/Cake/Controller/Controller.php, line 490
Dispatcher::_invoke() - CORE/Cake/Routing/Dispatcher.php, line 193
Dispatcher::dispatch() - CORE/Cake/Routing/Dispatcher.php, line 167
[main] - APP/webroot/index.php, line 118

2015-01-04 12:25:15 Notice: Notice (8): Undefined index: q17 in [/Users/SeanArchibeque/Sites/mandm/app/View/Emails/html/assessment.ctp, line 89]
Trace:
include - APP/View/Emails/html/assessment.ctp, line 89
View::_evaluate() - CORE/Cake/View/View.php, line 961
View::_render() - CORE/Cake/View/View.php, line 923
View::render() - CORE/Cake/View/View.php, line 473
CakeEmail::_renderTemplates() - CORE/Cake/Network/Email/CakeEmail.php, line 1694
CakeEmail::_render() - CORE/Cake/Network/Email/CakeEmail.php, line 1547
CakeEmail::send() - CORE/Cake/Network/Email/CakeEmail.php, line 1159
PagesController::display() - APP/Controller/PagesController.php, line 53
ReflectionMethod::invokeArgs() - [internal], line ??
Controller::invokeAction() - CORE/Cake/Controller/Controller.php, line 490
Dispatcher::_invoke() - CORE/Cake/Routing/Dispatcher.php, line 193
Dispatcher::dispatch() - CORE/Cake/Routing/Dispatcher.php, line 167
[main] - APP/webroot/index.php, line 118

2015-01-04 12:25:15 Notice: Notice (8): Undefined index: q18 in [/Users/SeanArchibeque/Sites/mandm/app/View/Emails/html/assessment.ctp, line 93]
Trace:
include - APP/View/Emails/html/assessment.ctp, line 93
View::_evaluate() - CORE/Cake/View/View.php, line 961
View::_render() - CORE/Cake/View/View.php, line 923
View::render() - CORE/Cake/View/View.php, line 473
CakeEmail::_renderTemplates() - CORE/Cake/Network/Email/CakeEmail.php, line 1694
CakeEmail::_render() - CORE/Cake/Network/Email/CakeEmail.php, line 1547
CakeEmail::send() - CORE/Cake/Network/Email/CakeEmail.php, line 1159
PagesController::display() - APP/Controller/PagesController.php, line 53
ReflectionMethod::invokeArgs() - [internal], line ??
Controller::invokeAction() - CORE/Cake/Controller/Controller.php, line 490
Dispatcher::_invoke() - CORE/Cake/Routing/Dispatcher.php, line 193
Dispatcher::dispatch() - CORE/Cake/Routing/Dispatcher.php, line 167
[main] - APP/webroot/index.php, line 118

2015-01-04 12:25:15 Notice: Notice (8): Undefined index: q19 in [/Users/SeanArchibeque/Sites/mandm/app/View/Emails/html/assessment.ctp, line 97]
Trace:
include - APP/View/Emails/html/assessment.ctp, line 97
View::_evaluate() - CORE/Cake/View/View.php, line 961
View::_render() - CORE/Cake/View/View.php, line 923
View::render() - CORE/Cake/View/View.php, line 473
CakeEmail::_renderTemplates() - CORE/Cake/Network/Email/CakeEmail.php, line 1694
CakeEmail::_render() - CORE/Cake/Network/Email/CakeEmail.php, line 1547
CakeEmail::send() - CORE/Cake/Network/Email/CakeEmail.php, line 1159
PagesController::display() - APP/Controller/PagesController.php, line 53
ReflectionMethod::invokeArgs() - [internal], line ??
Controller::invokeAction() - CORE/Cake/Controller/Controller.php, line 490
Dispatcher::_invoke() - CORE/Cake/Routing/Dispatcher.php, line 193
Dispatcher::dispatch() - CORE/Cake/Routing/Dispatcher.php, line 167
[main] - APP/webroot/index.php, line 118

